2016-09-12 16:32:50,950 [Worker-1] INFO  c.g.t.t.d.PublishedGradleVersions - Gradle version information cache is not available. Remote download required.
2016-09-21 16:33:21,575 [Worker-1] INFO  c.g.t.t.d.PublishedGradleVersions - Gradle version information cache is out-of-date. Trying to update.
2016-09-22 14:43:50,586 [Worker-0] INFO  c.g.t.t.d.PublishedGradleVersions - Gradle version information cache is up-to-date. Trying to read.
2016-09-22 15:38:22,001 [main] ERROR o.e.m.c.i.p.r.ProjectRegistryReader - Can't read workspace state
java.io.InvalidClassException: org.eclipse.m2e.core.internal.project.registry.BasicProjectRegistry; local class incompatible: stream classdesc serialVersionUID = 5542512601401896748, local class serialVersionUID = 6232274446642339434
	at java.io.ObjectStreamClass.initNonProxy(ObjectStreamClass.java:616) ~[na:1.8.0_77]
	at java.io.ObjectInputStream.readNonProxyDesc(ObjectInputStream.java:1623) ~[na:1.8.0_77]
	at java.io.ObjectInputStream.readClassDesc(ObjectInputStream.java:1518) ~[na:1.8.0_77]
	at java.io.ObjectInputStream.readNonProxyDesc(ObjectInputStream.java:1623) ~[na:1.8.0_77]
	at java.io.ObjectInputStream.readClassDesc(ObjectInputStream.java:1518) ~[na:1.8.0_77]
	at java.io.ObjectInputStream.readOrdinaryObject(ObjectInputStream.java:1774) ~[na:1.8.0_77]
	at java.io.ObjectInputStream.readObject0(ObjectInputStream.java:1351) ~[na:1.8.0_77]
	at java.io.ObjectInputStream.readObject(ObjectInputStream.java:371) ~[na:1.8.0_77]
	at org.eclipse.m2e.core.internal.project.registry.ProjectRegistryReader.readWorkspaceState(ProjectRegistryReader.java:100) ~[org.eclipse.m2e.core_1.7.0.20160603-1933.jar:na]
	at org.eclipse.m2e.core.internal.project.registry.ProjectRegistryManager.<init>(ProjectRegistryManager.java:164) [org.eclipse.m2e.core_1.7.0.20160603-1933.jar:na]
	at org.eclipse.m2e.core.internal.MavenPluginActivator.start(MavenPluginActivator.java:211) [org.eclipse.m2e.core_1.7.0.20160603-1933.jar:na]
	at org.eclipse.osgi.internal.framework.BundleContextImpl$3.run(BundleContextImpl.java:774) [org.eclipse.osgi_3.11.0.v20160603-1336.jar:na]
	at org.eclipse.osgi.internal.framework.BundleContextImpl$3.run(BundleContextImpl.java:1) [org.eclipse.osgi_3.11.0.v20160603-1336.jar:na]
	at java.security.AccessController.doPrivileged(Native Method) [na:1.8.0_77]
	at org.eclipse.osgi.internal.framework.BundleContextImpl.startActivator(BundleContextImpl.java:767) [org.eclipse.osgi_3.11.0.v20160603-1336.jar:na]
	at org.eclipse.osgi.internal.framework.BundleContextImpl.start(BundleContextImpl.java:724) [org.eclipse.osgi_3.11.0.v20160603-1336.jar:na]
	at org.eclipse.osgi.internal.framework.EquinoxBundle.startWorker0(EquinoxBundle.java:932) [org.eclipse.osgi_3.11.0.v20160603-1336.jar:na]
	at org.eclipse.osgi.internal.framework.EquinoxBundle$EquinoxModule.startWorker(EquinoxBundle.java:309) [org.eclipse.osgi_3.11.0.v20160603-1336.jar:na]
	at org.eclipse.osgi.container.Module.doStart(Module.java:581) [org.eclipse.osgi_3.11.0.v20160603-1336.jar:na]
	at org.eclipse.osgi.container.Module.start(Module.java:449) [org.eclipse.osgi_3.11.0.v20160603-1336.jar:na]
	at org.eclipse.osgi.framework.util.SecureAction.start(SecureAction.java:470) [org.eclipse.osgi_3.11.0.v20160603-1336.jar:na]
	at org.eclipse.osgi.internal.hooks.EclipseLazyStarter.postFindLocalClass(EclipseLazyStarter.java:107) [org.eclipse.osgi_3.11.0.v20160603-1336.jar:na]
	at org.eclipse.osgi.internal.loader.classpath.ClasspathManager.findLocalClass(ClasspathManager.java:529) [org.eclipse.osgi_3.11.0.v20160603-1336.jar:na]
	at org.eclipse.osgi.internal.loader.ModuleClassLoader.findLocalClass(ModuleClassLoader.java:325) [org.eclipse.osgi_3.11.0.v20160603-1336.jar:na]
	at org.eclipse.osgi.internal.loader.BundleLoader.findLocalClass(BundleLoader.java:334) [org.eclipse.osgi_3.11.0.v20160603-1336.jar:na]
	at org.eclipse.osgi.internal.loader.sources.SingleSourcePackage.loadClass(SingleSourcePackage.java:36) [org.eclipse.osgi_3.11.0.v20160603-1336.jar:na]
	at org.eclipse.osgi.internal.loader.BundleLoader.findClassInternal(BundleLoader.java:407) [org.eclipse.osgi_3.11.0.v20160603-1336.jar:na]
	at org.eclipse.osgi.internal.loader.BundleLoader.findClass(BundleLoader.java:361) [org.eclipse.osgi_3.11.0.v20160603-1336.jar:na]
	at org.eclipse.osgi.internal.loader.BundleLoader.findClass(BundleLoader.java:353) [org.eclipse.osgi_3.11.0.v20160603-1336.jar:na]
	at org.eclipse.osgi.internal.loader.ModuleClassLoader.loadClass(ModuleClassLoader.java:161) [org.eclipse.osgi_3.11.0.v20160603-1336.jar:na]
	at java.lang.ClassLoader.loadClass(ClassLoader.java:357) [na:1.8.0_77]
	at java.lang.Class.getDeclaredConstructors0(Native Method) [na:1.8.0_77]
	at java.lang.Class.privateGetDeclaredConstructors(Class.java:2671) [na:1.8.0_77]
	at java.lang.Class.getConstructor0(Class.java:3075) [na:1.8.0_77]
	at java.lang.Class.newInstance(Class.java:412) [na:1.8.0_77]
	at org.eclipse.osgi.internal.framework.BundleContextImpl.loadBundleActivator(BundleContextImpl.java:758) [org.eclipse.osgi_3.11.0.v20160603-1336.jar:na]
	at org.eclipse.osgi.internal.framework.BundleContextImpl.start(BundleContextImpl.java:711) [org.eclipse.osgi_3.11.0.v20160603-1336.jar:na]
	at org.eclipse.osgi.internal.framework.EquinoxBundle.startWorker0(EquinoxBundle.java:932) [org.eclipse.osgi_3.11.0.v20160603-1336.jar:na]
	at org.eclipse.osgi.internal.framework.EquinoxBundle$EquinoxModule.startWorker(EquinoxBundle.java:309) [org.eclipse.osgi_3.11.0.v20160603-1336.jar:na]
	at org.eclipse.osgi.container.Module.doStart(Module.java:581) [org.eclipse.osgi_3.11.0.v20160603-1336.jar:na]
	at org.eclipse.osgi.container.Module.start(Module.java:449) [org.eclipse.osgi_3.11.0.v20160603-1336.jar:na]
	at org.eclipse.osgi.framework.util.SecureAction.start(SecureAction.java:470) [org.eclipse.osgi_3.11.0.v20160603-1336.jar:na]
	at org.eclipse.osgi.internal.hooks.EclipseLazyStarter.postFindLocalClass(EclipseLazyStarter.java:107) [org.eclipse.osgi_3.11.0.v20160603-1336.jar:na]
	at org.eclipse.osgi.internal.loader.classpath.ClasspathManager.findLocalClass(ClasspathManager.java:529) [org.eclipse.osgi_3.11.0.v20160603-1336.jar:na]
	at org.eclipse.osgi.internal.loader.ModuleClassLoader.findLocalClass(ModuleClassLoader.java:325) [org.eclipse.osgi_3.11.0.v20160603-1336.jar:na]
	at org.eclipse.osgi.internal.loader.BundleLoader.findLocalClass(BundleLoader.java:334) [org.eclipse.osgi_3.11.0.v20160603-1336.jar:na]
	at org.eclipse.osgi.internal.loader.BundleLoader.findClassInternal(BundleLoader.java:411) [org.eclipse.osgi_3.11.0.v20160603-1336.jar:na]
	at org.eclipse.osgi.internal.loader.BundleLoader.findClass(BundleLoader.java:361) [org.eclipse.osgi_3.11.0.v20160603-1336.jar:na]
	at org.eclipse.osgi.internal.loader.BundleLoader.findClass(BundleLoader.java:353) [org.eclipse.osgi_3.11.0.v20160603-1336.jar:na]
	at org.eclipse.osgi.internal.loader.ModuleClassLoader.loadClass(ModuleClassLoader.java:161) [org.eclipse.osgi_3.11.0.v20160603-1336.jar:na]
	at java.lang.ClassLoader.loadClass(ClassLoader.java:357) [na:1.8.0_77]
	at org.eclipse.osgi.internal.framework.EquinoxBundle.loadClass(EquinoxBundle.java:564) [org.eclipse.osgi_3.11.0.v20160603-1336.jar:na]
	at org.eclipse.core.internal.registry.osgi.RegistryStrategyOSGI.createExecutableExtension(RegistryStrategyOSGI.java:174) [org.eclipse.equinox.registry_3.6.100.v20160223-2218.jar:na]
	at org.eclipse.core.internal.registry.ExtensionRegistry.createExecutableExtension(ExtensionRegistry.java:905) [org.eclipse.equinox.registry_3.6.100.v20160223-2218.jar:na]
	at org.eclipse.core.internal.registry.ConfigurationElement.createExecutableExtension(ConfigurationElement.java:243) [org.eclipse.equinox.registry_3.6.100.v20160223-2218.jar:na]
	at org.eclipse.core.internal.registry.ConfigurationElementHandle.createExecutableExtension(ConfigurationElementHandle.java:55) [org.eclipse.equinox.registry_3.6.100.v20160223-2218.jar:na]
	at org.eclipse.ui.internal.WorkbenchPlugin$1.run(WorkbenchPlugin.java:291) [org.eclipse.ui.workbench_3.108.0.v20160602-1232.jar:na]
	at org.eclipse.swt.custom.BusyIndicator.showWhile(BusyIndicator.java:70) [org.eclipse.swt.cocoa.macosx.x86_64_3.105.0.v20160603-0902.jar:na]
	at org.eclipse.ui.internal.WorkbenchPlugin.createExtension(WorkbenchPlugin.java:286) [org.eclipse.ui.workbench_3.108.0.v20160602-1232.jar:na]
	at org.eclipse.ui.internal.dialogs.WorkbenchPreferenceNode.createPage(WorkbenchPreferenceNode.java:48) [org.eclipse.ui.workbench_3.108.0.v20160602-1232.jar:na]
	at org.eclipse.jface.preference.PreferenceDialog.createPage(PreferenceDialog.java:1280) [org.eclipse.jface_3.12.0.v20160518-1929.jar:na]
	at org.eclipse.ui.internal.dialogs.FilteredPreferenceDialog.createPage(FilteredPreferenceDialog.java:355) [org.eclipse.ui.workbench_3.108.0.v20160602-1232.jar:na]
	at org.eclipse.jface.preference.PreferenceDialog.showPage(PreferenceDialog.java:1167) [org.eclipse.jface_3.12.0.v20160518-1929.jar:na]
	at org.eclipse.ui.internal.dialogs.FilteredPreferenceDialog.showPage(FilteredPreferenceDialog.java:608) [org.eclipse.ui.workbench_3.108.0.v20160602-1232.jar:na]
	at org.eclipse.jface.preference.PreferenceDialog$5.lambda$0(PreferenceDialog.java:656) [org.eclipse.jface_3.12.0.v20160518-1929.jar:na]
	at org.eclipse.swt.custom.BusyIndicator.showWhile(BusyIndicator.java:70) [org.eclipse.swt.cocoa.macosx.x86_64_3.105.0.v20160603-0902.jar:na]
	at org.eclipse.jface.preference.PreferenceDialog$5.selectionChanged(PreferenceDialog.java:653) [org.eclipse.jface_3.12.0.v20160518-1929.jar:na]
	at org.eclipse.jface.viewers.StructuredViewer$3.run(StructuredViewer.java:878) ~[org.eclipse.jface_3.12.0.v20160518-1929.jar:na]
	at org.eclipse.core.runtime.SafeRunner.run(SafeRunner.java:42) ~[org.eclipse.equinox.common_3.8.0.v20160509-1230.jar:na]
	at org.eclipse.ui.internal.JFaceUtil$1.run(JFaceUtil.java:50) ~[na:na]
	at org.eclipse.jface.util.SafeRunnable.run(SafeRunnable.java:173) ~[org.eclipse.jface_3.12.0.v20160518-1929.jar:na]
	at org.eclipse.jface.viewers.StructuredViewer.firePostSelectionChanged(StructuredViewer.java:875) ~[org.eclipse.jface_3.12.0.v20160518-1929.jar:na]
	at org.eclipse.jface.viewers.StructuredViewer.handlePostSelect(StructuredViewer.java:1244) ~[org.eclipse.jface_3.12.0.v20160518-1929.jar:na]
	at org.eclipse.jface.viewers.StructuredViewer$5.widgetSelected(StructuredViewer.java:1270) ~[org.eclipse.jface_3.12.0.v20160518-1929.jar:na]
	at org.eclipse.jface.util.OpenStrategy.firePostSelectionEvent(OpenStrategy.java:265) ~[org.eclipse.jface_3.12.0.v20160518-1929.jar:na]
	at org.eclipse.jface.util.OpenStrategy.access$5(OpenStrategy.java:259) ~[org.eclipse.jface_3.12.0.v20160518-1929.jar:na]
	at org.eclipse.jface.util.OpenStrategy$1.lambda$1(OpenStrategy.java:431) ~[org.eclipse.jface_3.12.0.v20160518-1929.jar:na]
	at org.eclipse.swt.widgets.RunnableLock.run(RunnableLock.java:35) ~[org.eclipse.swt.cocoa.macosx.x86_64_3.105.0.v20160603-0902.jar:na]
	at org.eclipse.swt.widgets.Synchronizer.runAsyncMessages(Synchronizer.java:182) ~[org.eclipse.swt.cocoa.macosx.x86_64_3.105.0.v20160603-0902.jar:na]
	at org.eclipse.swt.widgets.Display.runAsyncMessages(Display.java:4024) ~[org.eclipse.swt.cocoa.macosx.x86_64_3.105.0.v20160603-0902.jar:na]
	at org.eclipse.swt.widgets.Display.readAndDispatch(Display.java:3700) ~[org.eclipse.swt.cocoa.macosx.x86_64_3.105.0.v20160603-0902.jar:na]
	at org.eclipse.jface.window.Window.runEventLoop(Window.java:818) ~[org.eclipse.jface_3.12.0.v20160518-1929.jar:na]
	at org.eclipse.jface.window.Window.open(Window.java:794) ~[org.eclipse.jface_3.12.0.v20160518-1929.jar:na]
	at org.eclipse.ui.internal.dialogs.WorkbenchPreferenceDialog.open(WorkbenchPreferenceDialog.java:211) ~[na:na]
	at org.eclipse.ui.internal.handlers.ShowPreferencePageHandler.execute(ShowPreferencePageHandler.java:59) ~[na:na]
	at org.eclipse.ui.internal.handlers.HandlerProxy.execute(HandlerProxy.java:295) ~[na:na]
	at org.eclipse.ui.internal.handlers.E4HandlerProxy.execute(E4HandlerProxy.java:90) ~[na:na]
	at sun.reflect.NativeMethodAccessorImpl.invoke0(Native Method) ~[na:1.8.0_77]
	at sun.reflect.NativeMethodAccessorImpl.invoke(NativeMethodAccessorImpl.java:62) ~[na:1.8.0_77]
	at sun.reflect.DelegatingMethodAccessorImpl.invoke(DelegatingMethodAccessorImpl.java:43) ~[na:1.8.0_77]
	at java.lang.reflect.Method.invoke(Method.java:498) ~[na:1.8.0_77]
	at org.eclipse.e4.core.internal.di.MethodRequestor.execute(MethodRequestor.java:54) ~[na:na]
	at org.eclipse.e4.core.internal.di.InjectorImpl.invokeUsingClass(InjectorImpl.java:282) ~[na:na]
	at org.eclipse.e4.core.internal.di.InjectorImpl.invoke(InjectorImpl.java:264) ~[na:na]
	at org.eclipse.e4.core.contexts.ContextInjectionFactory.invoke(ContextInjectionFactory.java:132) ~[na:na]
	at org.eclipse.e4.core.commands.internal.HandlerServiceHandler.execute(HandlerServiceHandler.java:152) ~[na:na]
	at org.eclipse.core.commands.Command.executeWithChecks(Command.java:494) ~[org.eclipse.core.commands_3.8.0.v20160316-1921.jar:na]
	at org.eclipse.core.commands.ParameterizedCommand.executeWithChecks(ParameterizedCommand.java:488) ~[org.eclipse.core.commands_3.8.0.v20160316-1921.jar:na]
	at org.eclipse.e4.core.commands.internal.HandlerServiceImpl.executeHandler(HandlerServiceImpl.java:210) ~[na:na]
	at org.eclipse.e4.core.commands.internal.HandlerServiceImpl.executeHandler(HandlerServiceImpl.java:196) ~[na:na]
	at org.eclipse.e4.ui.workbench.renderers.swt.cocoa.CocoaUIHandler.runCommand(CocoaUIHandler.java:647) ~[na:na]
	at org.eclipse.e4.ui.workbench.renderers.swt.cocoa.CocoaUIHandler.access$5(CocoaUIHandler.java:634) ~[na:na]
	at org.eclipse.e4.ui.workbench.renderers.swt.cocoa.CocoaUIHandler$3.widgetSelected(CocoaUIHandler.java:506) ~[na:na]
	at org.eclipse.swt.widgets.TypedListener.handleEvent(TypedListener.java:249) ~[org.eclipse.swt.cocoa.macosx.x86_64_3.105.0.v20160603-0902.jar:na]
	at org.eclipse.swt.widgets.EventTable.sendEvent(EventTable.java:84) ~[org.eclipse.swt.cocoa.macosx.x86_64_3.105.0.v20160603-0902.jar:na]
	at org.eclipse.swt.widgets.Display.sendEvent(Display.java:4248) ~[org.eclipse.swt.cocoa.macosx.x86_64_3.105.0.v20160603-0902.jar:na]
	at org.eclipse.swt.widgets.Widget.sendEvent(Widget.java:1501) ~[org.eclipse.swt.cocoa.macosx.x86_64_3.105.0.v20160603-0902.jar:na]
	at org.eclipse.swt.widgets.Widget.sendEvent(Widget.java:1524) ~[org.eclipse.swt.cocoa.macosx.x86_64_3.105.0.v20160603-0902.jar:na]
	at org.eclipse.swt.widgets.Widget.sendEvent(Widget.java:1509) ~[org.eclipse.swt.cocoa.macosx.x86_64_3.105.0.v20160603-0902.jar:na]
	at org.eclipse.swt.widgets.Widget.notifyListeners(Widget.java:1313) ~[org.eclipse.swt.cocoa.macosx.x86_64_3.105.0.v20160603-0902.jar:na]
	at org.eclipse.swt.widgets.Display.runDeferredEvents(Display.java:4072) ~[org.eclipse.swt.cocoa.macosx.x86_64_3.105.0.v20160603-0902.jar:na]
	at org.eclipse.swt.widgets.Display.readAndDispatch(Display.java:3698) ~[org.eclipse.swt.cocoa.macosx.x86_64_3.105.0.v20160603-0902.jar:na]
	at org.eclipse.e4.ui.internal.workbench.swt.PartRenderingEngine$4.run(PartRenderingEngine.java:1121) ~[na:na]
	at org.eclipse.core.databinding.observable.Realm.runWithDefault(Realm.java:336) ~[na:na]
	at org.eclipse.e4.ui.internal.workbench.swt.PartRenderingEngine.run(PartRenderingEngine.java:1022) ~[na:na]
	at org.eclipse.e4.ui.internal.workbench.E4Workbench.createAndRunUI(E4Workbench.java:150) ~[na:na]
	at org.eclipse.ui.internal.Workbench$5.run(Workbench.java:687) ~[na:na]
	at org.eclipse.core.databinding.observable.Realm.runWithDefault(Realm.java:336) ~[na:na]
	at org.eclipse.ui.internal.Workbench.createAndRunWorkbench(Workbench.java:604) ~[na:na]
	at org.eclipse.ui.PlatformUI.createAndRunWorkbench(PlatformUI.java:148) ~[na:na]
	at org.eclipse.ui.internal.ide.application.IDEApplication.start(IDEApplication.java:138) ~[na:na]
	at org.eclipse.equinox.internal.app.EclipseAppHandle.run(EclipseAppHandle.java:196) ~[org.eclipse.equinox.app_1.3.400.v20150715-1528.jar:na]
	at org.eclipse.core.runtime.internal.adaptor.EclipseAppLauncher.runApplication(EclipseAppLauncher.java:134) ~[org.eclipse.osgi_3.11.0.v20160603-1336.jar:na]
	at org.eclipse.core.runtime.internal.adaptor.EclipseAppLauncher.start(EclipseAppLauncher.java:104) ~[org.eclipse.osgi_3.11.0.v20160603-1336.jar:na]
	at org.eclipse.core.runtime.adaptor.EclipseStarter.run(EclipseStarter.java:388) ~[org.eclipse.osgi_3.11.0.v20160603-1336.jar:na]
	at org.eclipse.core.runtime.adaptor.EclipseStarter.run(EclipseStarter.java:243) ~[org.eclipse.osgi_3.11.0.v20160603-1336.jar:na]
	at sun.reflect.NativeMethodAccessorImpl.invoke0(Native Method) ~[na:1.8.0_77]
	at sun.reflect.NativeMethodAccessorImpl.invoke(NativeMethodAccessorImpl.java:62) ~[na:1.8.0_77]
	at sun.reflect.DelegatingMethodAccessorImpl.invoke(DelegatingMethodAccessorImpl.java:43) ~[na:1.8.0_77]
	at java.lang.reflect.Method.invoke(Method.java:498) ~[na:1.8.0_77]
	at org.eclipse.equinox.launcher.Main.invokeFramework(Main.java:673) ~[org.eclipse.equinox.launcher_1.3.200.v20160318-1642.jar:na]
	at org.eclipse.equinox.launcher.Main.basicRun(Main.java:610) ~[org.eclipse.equinox.launcher_1.3.200.v20160318-1642.jar:na]
	at org.eclipse.equinox.launcher.Main.run(Main.java:1519) ~[org.eclipse.equinox.launcher_1.3.200.v20160318-1642.jar:na]
2016-09-23 15:56:19,194 [Worker-0] INFO  c.g.t.t.d.PublishedGradleVersions - Gradle version information cache is out-of-date. Trying to update.
2016-09-25 19:21:00,629 [Worker-2] INFO  c.g.t.t.d.PublishedGradleVersions - Gradle version information cache is out-of-date. Trying to update.
2016-09-25 19:24:31,603 [Worker-1] INFO  c.g.t.t.d.PublishedGradleVersions - Gradle version information cache is up-to-date. Trying to read.
2016-09-26 00:43:34,289 [Worker-2] INFO  c.g.t.t.d.PublishedGradleVersions - Gradle version information cache is up-to-date. Trying to read.
2016-09-27 11:00:05,512 [Worker-5] INFO  c.g.t.t.d.PublishedGradleVersions - Gradle version information cache is out-of-date. Trying to update.
2016-10-05 16:42:14,666 [Worker-0] INFO  c.g.t.t.d.PublishedGradleVersions - Gradle version information cache is out-of-date. Trying to update.
2016-10-06 16:47:31,787 [Worker-1] INFO  c.g.t.t.d.PublishedGradleVersions - Gradle version information cache is out-of-date. Trying to update.
2016-10-16 15:03:31,798 [Worker-1] INFO  c.g.t.t.d.PublishedGradleVersions - Gradle version information cache is out-of-date. Trying to update.
2016-10-17 14:35:02,888 [Worker-2] INFO  c.g.t.t.d.PublishedGradleVersions - Gradle version information cache is up-to-date. Trying to read.
2016-10-23 21:46:20,496 [Worker-0] INFO  c.g.t.t.d.PublishedGradleVersions - Gradle version information cache is out-of-date. Trying to update.
2016-10-24 00:11:02,595 [Worker-2] INFO  c.g.t.t.d.PublishedGradleVersions - Gradle version information cache is up-to-date. Trying to read.
2016-10-31 19:38:17,872 [Worker-0] INFO  c.g.t.t.d.PublishedGradleVersions - Gradle version information cache is out-of-date. Trying to update.
2016-11-09 19:53:20,520 [Worker-2] INFO  c.g.t.t.d.PublishedGradleVersions - Gradle version information cache is out-of-date. Trying to update.
2016-11-13 22:54:12,386 [Worker-0] INFO  c.g.t.t.d.PublishedGradleVersions - Gradle version information cache is out-of-date. Trying to update.
2016-11-15 01:53:24,579 [Worker-0] INFO  c.g.t.t.d.PublishedGradleVersions - Gradle version information cache is out-of-date. Trying to update.
2016-11-15 02:36:32,484 [Worker-19] ERROR o.e.m.c.i.p.r.ProjectRegistryManager - Failed to read Maven project: 1 problem was encountered while building the effective model
[FATAL] Non-readable POM /Users/zijiguo/Documents/workspace/jsexa/src/pom.xml: input contained no data @ 
 for project  at /Users/zijiguo/Documents/workspace/jsexa/src/pom.xml
org.apache.maven.project.ProjectBuildingException: 1 problem was encountered while building the effective model
[FATAL] Non-readable POM /Users/zijiguo/Documents/workspace/jsexa/src/pom.xml: input contained no data @ 
 for project  at /Users/zijiguo/Documents/workspace/jsexa/src/pom.xml
	at org.apache.maven.project.DefaultProjectBuilder.build(DefaultProjectBuilder.java:168) ~[maven-core-3.3.9.jar:3.3.9]
	at org.apache.maven.project.DefaultProjectBuilder.build(DefaultProjectBuilder.java:119) ~[maven-core-3.3.9.jar:3.3.9]
	at org.eclipse.m2e.core.internal.embedder.MavenImpl.readMavenProject(MavenImpl.java:636) ~[org.eclipse.m2e.core_1.7.0.20160603-1933.jar:na]
	at org.eclipse.m2e.core.internal.project.registry.ProjectRegistryManager$5.call(ProjectRegistryManager.java:816) ~[org.eclipse.m2e.core_1.7.0.20160603-1933.jar:na]
	at org.eclipse.m2e.core.internal.project.registry.ProjectRegistryManager$5.call(ProjectRegistryManager.java:1) ~[org.eclipse.m2e.core_1.7.0.20160603-1933.jar:na]
	at org.eclipse.m2e.core.internal.embedder.MavenExecutionContext.executeBare(MavenExecutionContext.java:176) ~[org.eclipse.m2e.core_1.7.0.20160603-1933.jar:na]
	at org.eclipse.m2e.core.internal.embedder.MavenExecutionContext.execute(MavenExecutionContext.java:151) ~[org.eclipse.m2e.core_1.7.0.20160603-1933.jar:na]
	at org.eclipse.m2e.core.internal.embedder.MavenExecutionContext.execute(MavenExecutionContext.java:99) ~[org.eclipse.m2e.core_1.7.0.20160603-1933.jar:na]
	at org.eclipse.m2e.core.internal.project.registry.ProjectRegistryManager.execute(ProjectRegistryManager.java:967) ~[org.eclipse.m2e.core_1.7.0.20160603-1933.jar:na]
	at org.eclipse.m2e.core.internal.project.registry.ProjectRegistryManager.readProjectWithDependencies(ProjectRegistryManager.java:811) ~[org.eclipse.m2e.core_1.7.0.20160603-1933.jar:na]
	at org.eclipse.m2e.core.internal.project.registry.ProjectRegistryManager.create(ProjectRegistryManager.java:192) ~[org.eclipse.m2e.core_1.7.0.20160603-1933.jar:na]
	at org.eclipse.m2e.core.internal.project.registry.MavenProjectManager.create(MavenProjectManager.java:80) [org.eclipse.m2e.core_1.7.0.20160603-1933.jar:na]
	at org.eclipse.m2e.core.ui.internal.actions.SelectionUtil.getMavenProject(SelectionUtil.java:259) [org.eclipse.m2e.core.ui_1.7.0.20160603-1933.jar:na]
	at org.eclipse.m2e.editor.pom.MavenPomEditor.readMavenProject(MavenPomEditor.java:732) [org.eclipse.m2e.editor_1.7.0.20160603-1933.jar:na]
	at org.eclipse.m2e.editor.pom.MavenPomEditor$5.run(MavenPomEditor.java:1053) [org.eclipse.m2e.editor_1.7.0.20160603-1933.jar:na]
	at org.eclipse.core.internal.jobs.Worker.run(Worker.java:55) [org.eclipse.core.jobs_3.8.0.v20160509-0411.jar:na]
Caused by: org.apache.maven.model.building.ModelBuildingException: 1 problem was encountered while building the effective model
[FATAL] Non-readable POM /Users/zijiguo/Documents/workspace/jsexa/src/pom.xml: input contained no data @ 

	at org.apache.maven.model.building.DefaultModelProblemCollector.newModelBuildingException(DefaultModelProblemCollector.java:197) ~[maven-model-builder-3.3.9.jar:3.3.9]
	at org.apache.maven.model.building.DefaultModelBuilder.readModel(DefaultModelBuilder.java:598) ~[maven-model-builder-3.3.9.jar:3.3.9]
	at org.apache.maven.model.building.DefaultModelBuilder.build(DefaultModelBuilder.java:273) ~[maven-model-builder-3.3.9.jar:3.3.9]
	at org.apache.maven.project.DefaultProjectBuilder.build(DefaultProjectBuilder.java:161) ~[maven-core-3.3.9.jar:3.3.9]
	... 15 common frames omitted
2016-11-15 02:37:29,662 [main] INFO  o.e.m2e.actions.ExecutePomAction - Creating new launch configuration
2016-11-15 02:37:42,622 [Worker-30] INFO  o.e.m.i.launch.MavenLaunchDelegate - /Users/zijiguo/Documents/workspace/jsexa
2016-11-15 02:37:42,622 [Worker-30] INFO  o.e.m.i.launch.MavenLaunchDelegate -  mvn -B 
2016-11-15 02:38:46,120 [main] INFO  o.e.m2e.actions.ExecutePomAction - Creating new launch configuration
2016-12-01 00:57:42,928 [Worker-1] INFO  c.g.t.t.d.PublishedGradleVersions - Gradle version information cache is out-of-date. Trying to update.
2017-01-04 15:20:12,140 [Worker-0] INFO  c.g.t.t.d.PublishedGradleVersions - Gradle version information cache is out-of-date. Trying to update.
2017-01-04 18:31:13,449 [Worker-0] INFO  c.g.t.t.d.PublishedGradleVersions - Gradle version information cache is up-to-date. Trying to read.
2017-01-10 19:10:21,247 [Worker-1] INFO  c.g.t.t.d.PublishedGradleVersions - Gradle version information cache is out-of-date. Trying to update.
2017-01-18 20:09:09,353 [Worker-2] INFO  c.g.t.t.d.PublishedGradleVersions - Gradle version information cache is out-of-date. Trying to update.
2017-01-19 02:22:04,939 [Worker-0] INFO  c.g.t.t.d.PublishedGradleVersions - Gradle version information cache is up-to-date. Trying to read.
2017-01-20 01:38:04,664 [Worker-0] INFO  c.g.t.t.d.PublishedGradleVersions - Gradle version information cache is out-of-date. Trying to update.
2017-02-10 14:41:19,804 [Worker-2] INFO  c.g.t.t.d.PublishedGradleVersions - Gradle version information cache is out-of-date. Trying to update.
2017-02-10 15:51:53,923 [Worker-0] INFO  c.g.t.t.d.PublishedGradleVersions - Gradle version information cache is up-to-date. Trying to read.
2017-02-10 15:56:36,982 [Worker-1] INFO  c.g.t.t.d.PublishedGradleVersions - Gradle version information cache is up-to-date. Trying to read.
2017-02-10 16:06:00,962 [Worker-0] INFO  c.g.t.t.d.PublishedGradleVersions - Gradle version information cache is up-to-date. Trying to read.
2017-02-10 16:20:13,701 [Worker-2] INFO  c.g.t.t.d.PublishedGradleVersions - Gradle version information cache is up-to-date. Trying to read.
2017-02-10 17:07:55,084 [Worker-2] INFO  c.g.t.t.d.PublishedGradleVersions - Gradle version information cache is up-to-date. Trying to read.
2017-02-13 14:31:27,450 [Worker-1] INFO  c.g.t.t.d.PublishedGradleVersions - Gradle version information cache is out-of-date. Trying to update.
2017-02-14 15:34:11,413 [Worker-1] INFO  c.g.t.t.d.PublishedGradleVersions - Gradle version information cache is out-of-date. Trying to update.
2017-03-18 14:53:17,034 [Worker-0] INFO  c.g.t.t.d.PublishedGradleVersions - Gradle version information cache is out-of-date. Trying to update.
2017-03-20 13:47:54,699 [Worker-3] INFO  c.g.t.t.d.PublishedGradleVersions - Gradle version information cache is out-of-date. Trying to update.
2017-03-22 15:55:50,953 [Worker-2] INFO  c.g.t.t.d.PublishedGradleVersions - Gradle version information cache is out-of-date. Trying to update.
2017-04-02 17:10:34,077 [Worker-1] INFO  c.g.t.t.d.PublishedGradleVersions - Gradle version information cache is out-of-date. Trying to update.
2017-04-10 17:45:55,842 [Worker-3] INFO  c.g.t.t.d.PublishedGradleVersions - Gradle version information cache is out-of-date. Trying to update.
2017-04-19 21:08:22,123 [Worker-0] INFO  c.g.t.t.d.PublishedGradleVersions - Gradle version information cache is out-of-date. Trying to update.
2017-04-21 14:19:36,081 [Worker-1] INFO  c.g.t.t.d.PublishedGradleVersions - Gradle version information cache is out-of-date. Trying to update.
2017-04-24 20:44:08,384 [Worker-2] INFO  c.g.t.t.d.PublishedGradleVersions - Gradle version information cache is out-of-date. Trying to update.
2017-04-25 22:28:18,765 [Worker-0] INFO  c.g.t.t.d.PublishedGradleVersions - Gradle version information cache is out-of-date. Trying to update.
2017-04-27 15:13:15,359 [Worker-0] INFO  c.g.t.t.d.PublishedGradleVersions - Gradle version information cache is out-of-date. Trying to update.
2017-04-28 14:56:27,474 [Worker-1] INFO  c.g.t.t.d.PublishedGradleVersions - Gradle version information cache is up-to-date. Trying to read.
2017-05-01 18:00:22,547 [Worker-1] INFO  c.g.t.t.d.PublishedGradleVersions - Gradle version information cache is out-of-date. Trying to update.
2017-05-02 15:09:33,163 [Worker-2] INFO  c.g.t.t.d.PublishedGradleVersions - Gradle version information cache is up-to-date. Trying to read.
2017-05-02 19:34:01,841 [Worker-1] INFO  c.g.t.t.d.PublishedGradleVersions - Gradle version information cache is out-of-date. Trying to update.
2017-05-03 15:08:57,277 [Worker-0] INFO  c.g.t.t.d.PublishedGradleVersions - Gradle version information cache is up-to-date. Trying to read.
2017-05-11 12:32:18,367 [Worker-0] INFO  c.g.t.t.d.PublishedGradleVersions - Gradle version information cache is out-of-date. Trying to update.
2017-05-13 21:19:17,148 [Worker-2] INFO  c.g.t.t.d.PublishedGradleVersions - Gradle version information cache is out-of-date. Trying to update.
2017-05-14 14:59:10,805 [Worker-0] INFO  c.g.t.t.d.PublishedGradleVersions - Gradle version information cache is up-to-date. Trying to read.
2017-05-18 20:23:22,472 [Worker-0] INFO  c.g.t.t.d.PublishedGradleVersions - Gradle version information cache is out-of-date. Trying to update.
2017-05-19 15:11:05,970 [Worker-2] INFO  c.g.t.t.d.PublishedGradleVersions - Gradle version information cache is up-to-date. Trying to read.
2017-05-22 14:17:03,049 [Worker-1] INFO  c.g.t.t.d.PublishedGradleVersions - Gradle version information cache is out-of-date. Trying to update.
2017-05-31 13:10:34,159 [Worker-2] INFO  c.g.t.t.d.PublishedGradleVersions - Gradle version information cache is out-of-date. Trying to update.
2017-06-12 14:51:39,445 [Worker-2] INFO  c.g.t.t.d.PublishedGradleVersions - Gradle version information cache is out-of-date. Trying to update.
2017-06-16 01:50:16,365 [Worker-0] INFO  c.g.t.t.d.PublishedGradleVersions - Gradle version information cache is out-of-date. Trying to update.
2017-06-19 14:54:10,967 [Worker-0] INFO  c.g.t.t.d.PublishedGradleVersions - Gradle version information cache is out-of-date. Trying to update.
2017-06-19 20:24:06,808 [Worker-1] INFO  c.g.t.t.d.PublishedGradleVersions - Gradle version information cache is up-to-date. Trying to read.
